<?xml version="1.0" encoding="UTF-8"?>
<!-- Generated by org.testng.reporters.JUnitReportReporter -->
<testsuite hostname="ATMECSINDT-080" failures="0" tests="18" name="com.atmecs.testscripts.scenario1.ContactUs" time="33.666" errors="0" timestamp="17 Oct 2019 07:10:17 GMT" skipped="0">
  <testcase classname="com.atmecs.testscripts.scenario1.ContactUs" name="setup" time="17.608"/>
  <testcase classname="com.atmecs.testscripts.scenario1.ContactUs" name="ClickOnHome" time="3.346"/>
  <testcase classname="com.atmecs.testscripts.scenario1.ContactUs" name="ValidationHomeFooter" time="0.072"/>
  <testcase classname="com.atmecs.testscripts.scenario1.ContactUs" name="ClickOnAboutUs" time="2.039"/>
  <testcase classname="com.atmecs.testscripts.scenario1.ContactUs" name="footervalidationAboutUs" time="0.070"/>
  <testcase classname="com.atmecs.testscripts.scenario1.ContactUs" name="ClickOnServices" time="2.278"/>
  <testcase classname="com.atmecs.testscripts.scenario1.ContactUs" name="ValidateFooterServices" time="0.064"/>
  <testcase classname="com.atmecs.testscripts.scenario1.ContactUs" name="ClickOnPartners" time="2.951"/>
  <testcase classname="com.atmecs.testscripts.scenario1.ContactUs" name="ValidateFooterPartners" time="0.062"/>
  <testcase classname="com.atmecs.testscripts.scenario1.ContactUs" name="ClickOnMedia" time="0.098"/>
  <testcase classname="com.atmecs.testscripts.scenario1.ContactUs" name="ValidateFooterMedia" time="0.050"/>
  <testcase classname="com.atmecs.testscripts.scenario1.ContactUs" name="ClickOnInsights" time="0.075"/>
  <testcase classname="com.atmecs.testscripts.scenario1.ContactUs" name="ValidateFooterInsights" time="0.049"/>
  <testcase classname="com.atmecs.testscripts.scenario1.ContactUs" name="DateDiff" time="0.002"/>
  <testcase classname="com.atmecs.testscripts.scenario1.ContactUs" name="ClickOnCareers" time="2.211"/>
  <testcase classname="com.atmecs.testscripts.scenario1.ContactUs" name="FooterValidationCareers" time="0.050"/>
  <testcase classname="com.atmecs.testscripts.scenario1.ContactUs" name="ClickOnContactUs" time="2.588"/>
  <testcase classname="com.atmecs.testscripts.scenario1.ContactUs" name="ValidateFooterContactUs" time="0.053"/>
</testsuite> <!-- com.atmecs.testscripts.scenario1.ContactUs -->
