<?xml version="1.0" encoding="UTF-8"?>
<!-- Generated by org.testng.reporters.JUnitReportReporter -->
<testsuite hostname="ATMECSINDT-080" failures="0" tests="1" name="com.atmecs.MercuryTripa.atmecs.testscripts.scenario1.Home" time="0.000" errors="0" timestamp="04 Nov 2019 09:28:59 GMT" skipped="1">
  <testcase classname="com.atmecs.MercuryTripa.atmecs.testscripts.scenario1.Home" name="ClickOnHome" time="0.000">
    <skipped/>
  </testcase> <!-- ClickOnHome -->
</testsuite> <!-- com.atmecs.MercuryTripa.atmecs.testscripts.scenario1.Home -->
