<?xml version="1.0" encoding="UTF-8"?>
<!-- Generated by org.testng.reporters.JUnitReportReporter -->
<testsuite hostname="ATMECSINDT-080" failures="0" tests="2" name="com.atmecs.testscripts.HomePage" time="22.016" errors="0" timestamp="07 Nov 2019 15:13:23 GMT" skipped="0">
  <testcase classname="com.atmecs.testscripts.HomePage" name="setup" time="16.363"/>
  <testcase classname="com.atmecs.testscripts.HomePage" name="homePage" time="5.653"/>
</testsuite> <!-- com.atmecs.testscripts.HomePage -->
