<?xml version="1.0" encoding="UTF-8"?>
<!-- Generated by org.testng.reporters.JUnitReportReporter -->
<testsuite hostname="ATMECSINDT-080" failures="0" tests="7" name="com.atmecs.testscripts.scenario1.Services" time="24.889" errors="0" timestamp="17 Oct 2019 07:06:57 GMT" skipped="0">
  <testcase classname="com.atmecs.testscripts.scenario1.Services" name="setup" time="17.826"/>
  <testcase classname="com.atmecs.testscripts.scenario1.Services" name="ClickOnHome" time="2.238"/>
  <testcase classname="com.atmecs.testscripts.scenario1.Services" name="ValidationHomeFooter" time="0.107"/>
  <testcase classname="com.atmecs.testscripts.scenario1.Services" name="ClickOnAboutUs" time="1.910"/>
  <testcase classname="com.atmecs.testscripts.scenario1.Services" name="footervalidationAboutUs" time="0.086"/>
  <testcase classname="com.atmecs.testscripts.scenario1.Services" name="ClickOnServices" time="2.626"/>
  <testcase classname="com.atmecs.testscripts.scenario1.Services" name="ValidateFooterServices" time="0.096"/>
</testsuite> <!-- com.atmecs.testscripts.scenario1.Services -->
