<?xml version="1.0" encoding="UTF-8"?>
<!-- Generated by org.testng.reporters.JUnitReportReporter -->
<testsuite hostname="ATMECSINDT-080" failures="0" tests="3" name="com.org.atmecs.dynamic.HomePage" time="12.127" errors="0" timestamp="07 Nov 2019 12:09:00 GMT" skipped="0">
  <testcase classname="com.org.atmecs.dynamic.HomePage" name="homePage" time="4.567"/>
  <testcase classname="com.org.atmecs.dynamic.HomePage" name="homePage" time="6.015"/>
  <testcase classname="com.org.atmecs.dynamic.HomePage" name="homePage" time="1.545"/>
</testsuite> <!-- com.org.atmecs.dynamic.HomePage -->
