<?xml version="1.0" encoding="UTF-8"?>
<!-- Generated by org.testng.reporters.JUnitReportReporter -->
<testsuite hostname="ATMECSINDT-080" failures="0" tests="1" name="com.org.atmecs.testbase.InvokeBrowser" time="13.027" errors="0" timestamp="06 Nov 2019 13:48:47 GMT" skipped="0">
  <testcase classname="com.org.atmecs.testbase.InvokeBrowser" name="setup" time="13.027"/>
</testsuite> <!-- com.org.atmecs.testbase.InvokeBrowser -->
