<?xml version="1.0" encoding="UTF-8"?>
<!-- Generated by org.testng.reporters.JUnitReportReporter -->
<testsuite hostname="ATMECSINDT-080" failures="0" tests="1" name="com.org.atmecs.dynamic.DynamicTestNG" time="24.076" errors="0" timestamp="07 Nov 2019 12:09:00 GMT" skipped="0">
  <testcase classname="com.org.atmecs.dynamic.DynamicTestNG" name="set" time="24.076"/>
</testsuite> <!-- com.org.atmecs.dynamic.DynamicTestNG -->
