<?xml version="1.0" encoding="UTF-8"?>
<!-- Generated by org.testng.reporters.JUnitReportReporter -->
<testsuite hostname="ATMECSINDT-080" failures="0" tests="1" name="com.atmecs.testscripts.scenario2.HomePage" time="6.187" errors="0" timestamp="07 Nov 2019 11:55:51 GMT" skipped="0">
  <testcase classname="com.atmecs.testscripts.scenario2.HomePage" name="homePage" time="6.187"/>
</testsuite> <!-- com.atmecs.testscripts.scenario2.HomePage -->
