<?xml version="1.0" encoding="UTF-8"?>
<!-- Generated by org.testng.reporters.JUnitReportReporter -->
<testsuite hostname="ATMECSINDT-080" failures="0" tests="1" name="com.atmecs.MercuryTripa.org.atmecs.dynamic.DynamicTestNG" time="45.036" errors="0" timestamp="06 Nov 2019 10:55:31 GMT" skipped="0">
  <testcase classname="com.atmecs.MercuryTripa.org.atmecs.dynamic.DynamicTestNG" name="set" time="45.036"/>
</testsuite> <!-- com.atmecs.MercuryTripa.org.atmecs.dynamic.DynamicTestNG -->
